[01:21:28] [main/INFO]: Setting user: nekonoha
[01:21:31] [main/INFO]: LWJGL Version: 2.9.4
[01:21:33] [main/INFO]: Reloading ResourceManager: Default, FMLFileResourcePack:Forge Mod Loader, FMLFileResourcePack:Minecraft Forge, FMLFileResourcePack:mercurius_updater
[01:21:39] [Sound Library Loader/INFO]: Starting up SoundSystem...
[01:21:40] [Thread-6/INFO]: Initializing LWJGL OpenAL
[01:21:40] [Thread-6/INFO]: (The LWJGL binding of OpenAL.  For more information, see http://www.lwjgl.org)
[01:21:40] [Thread-6/INFO]: OpenAL initialized.
[01:21:40] [Sound Library Loader/INFO]: Sound engine started
[01:21:43] [main/INFO]: Created: 512x512 textures-atlas
[01:21:44] [main/INFO]: Narrator library for x64 successfully loaded
[01:22:01] [main/INFO]: Reloading ResourceManager: Default, FMLFileResourcePack:Forge Mod Loader, FMLFileResourcePack:Minecraft Forge, FMLFileResourcePack:mercurius_updater
[01:22:02] [main/INFO]: SoundSystem shutting down...
[01:22:02] [main/WARN]: Author: Paul Lamb, www.paulscode.com
[01:22:02] [Sound Library Loader/INFO]: Starting up SoundSystem...
[01:22:02] [Thread-10/INFO]: Initializing LWJGL OpenAL
[01:22:02] [Thread-10/INFO]: (The LWJGL binding of OpenAL.  For more information, see http://www.lwjgl.org)
[01:22:02] [Thread-10/INFO]: OpenAL initialized.
[01:22:02] [Sound Library Loader/INFO]: Sound engine started
[01:22:05] [main/INFO]: Created: 512x512 textures-atlas
[01:25:16] [main/INFO]: Stopping!
[01:25:16] [main/INFO]: SoundSystem shutting down...
[01:25:16] [main/WARN]: Author: Paul Lamb, www.paulscode.com
